# JRE version: OpenJDK Runtime Environment Microsoft-8035246 (17.0.8+7) (build 17.0.8+7-LTS)
# Java VM: OpenJDK 64-Bit Server VM Microsoft-8035246 (17.0.8+7-LTS, mixed mode, sharing, tiered, compressed oops, compressed class ptrs, g1 gc, windows-amd64)
GC Precious Log:
 CPUs: 12 total, 12 available
 Memory: 16215M
 Large Page Support: Disabled
 NUMA Support: Disabled
 Compressed Oops: Enabled (32-bit)
 Heap Region Size: 1M
 Heap Min Capacity: 8M
 Heap Initial Capacity: 254M
 Heap Max Capacity: 2G
 Pre-touch: Disabled
 Parallel Workers: 10
 Concurrent Workers: 3
 Concurrent Refinement Workers: 10
 Periodic GC: Disabled
Heap:
 garbage-first heap   total 229376K, used 165878K [0x0000000080000000, 0x0000000100000000)
  region size 1024K, 6 young (6144K), 5 survivors (5120K)
 Metaspace       used 98062K, committed 99136K, reserved 557056K
  class space    used 13783K, committed 14336K, reserved 425984K
GC Heap History (20 events):
Event: 39.931 GC heap before
{Heap before GC invocations=64 (full 0):
 garbage-first heap   total 190464K, used 163361K [0x0000000080000000, 0x0000000100000000)
  region size 1024K, 21 young (21504K), 2 survivors (2048K)
 Metaspace       used 95924K, committed 96960K, reserved 557056K
  class space    used 13491K, committed 14016K, reserved 425984K
}
Event: 39.936 GC heap after
{Heap after GC invocations=65 (full 0):
 garbage-first heap   total 190464K, used 146666K [0x0000000080000000, 0x0000000100000000)
  region size 1024K, 3 young (3072K), 3 survivors (3072K)
 Metaspace       used 95924K, committed 96960K, reserved 557056K
  class space    used 13491K, committed 14016K, reserved 425984K
}
Event: 40.259 GC heap before
{Heap before GC invocations=65 (full 0):
 garbage-first heap   total 190464K, used 164074K [0x0000000080000000, 0x0000000100000000)
  region size 1024K, 20 young (20480K), 3 survivors (3072K)
 Metaspace       used 96154K, committed 97152K, reserved 557056K
  class space    used 13508K, committed 14016K, reserved 425984K
}
Event: 40.265 GC heap after
{Heap after GC invocations=66 (full 0):
 garbage-first heap   total 190464K, used 148608K [0x0000000080000000, 0x0000000100000000)
  region size 1024K, 2 young (2048K), 2 survivors (2048K)
 Metaspace       used 96154K, committed 97152K, reserved 557056K
  class space    used 13508K, committed 14016K, reserved 425984K
}
Event: 40.535 GC heap before
{Heap before GC invocations=66 (full 0):
 garbage-first heap   total 190464K, used 163968K [0x0000000080000000, 0x0000000100000000)
  region size 1024K, 17 young (17408K), 2 survivors (2048K)
 Metaspace       used 96230K, committed 97216K, reserved 557056K
  class space    used 13508K, committed 14016K, reserved 425984K
}
Event: 40.538 GC heap after
{Heap after GC invocations=67 (full 0):
 garbage-first heap   total 190464K, used 150147K [0x0000000080000000, 0x0000000100000000)
  region size 1024K, 2 young (2048K), 2 survivors (2048K)
 Metaspace       used 96230K, committed 97216K, reserved 557056K
  class space    used 13508K, committed 14016K, reserved 425984K
}
Event: 40.726 GC heap before
{Heap before GC invocations=67 (full 0):
 garbage-first heap   total 190464K, used 164483K [0x0000000080000000, 0x0000000100000000)
  region size 1024K, 16 young (16384K), 2 survivors (2048K)
 Metaspace       used 96506K, committed 97536K, reserved 557056K
  class space    used 13543K, committed 14080K, reserved 425984K
}
Event: 40.730 GC heap after
{Heap after GC invocations=68 (full 0):
 garbage-first heap   total 190464K, used 151956K [0x0000000080000000, 0x0000000100000000)
  region size 1024K, 2 young (2048K), 2 survivors (2048K)
 Metaspace       used 96506K, committed 97536K, reserved 557056K
  class space    used 13543K, committed 14080K, reserved 425984K
}
Event: 40.920 GC heap before
{Heap before GC invocations=68 (full 0):
 garbage-first heap   total 190464K, used 165268K [0x0000000080000000, 0x0000000100000000)
  region size 1024K, 15 young (15360K), 2 survivors (2048K)
 Metaspace       used 96756K, committed 97728K, reserved 557056K
  class space    used 13572K, committed 14080K, reserved 425984K
}
Event: 40.925 GC heap after
{Heap after GC invocations=69 (full 0):
 garbage-first heap   total 190464K, used 153650K [0x0000000080000000, 0x0000000100000000)
  region size 1024K, 2 young (2048K), 2 survivors (2048K)
 Metaspace       used 96756K, committed 97728K, reserved 557056K
  class space    used 13572K, committed 14080K, reserved 425984K
}
Event: 41.120 GC heap before
{Heap before GC invocations=69 (full 0):
 garbage-first heap   total 190464K, used 165938K [0x0000000080000000, 0x0000000100000000)
  region size 1024K, 14 young (14336K), 2 survivors (2048K)
 Metaspace       used 97278K, committed 98304K, reserved 557056K
  class space    used 13714K, committed 14208K, reserved 425984K
}
Event: 41.124 GC heap after
{Heap after GC invocations=70 (full 0):
 garbage-first heap   total 190464K, used 154535K [0x0000000080000000, 0x0000000100000000)
  region size 1024K, 1 young (1024K), 1 survivors (1024K)
 Metaspace       used 97278K, committed 98304K, reserved 557056K
  class space    used 13714K, committed 14208K, reserved 425984K
}
Event: 41.222 GC heap before
{Heap before GC invocations=70 (full 0):
 garbage-first heap   total 190464K, used 164775K [0x0000000080000000, 0x0000000100000000)
  region size 1024K, 12 young (12288K), 1 survivors (1024K)
 Metaspace       used 97360K, committed 98496K, reserved 557056K
  class space    used 13718K, committed 14272K, reserved 425984K
}
Event: 41.225 GC heap after
{Heap after GC invocations=71 (full 0):
 garbage-first heap   total 229376K, used 154857K [0x0000000080000000, 0x0000000100000000)
  region size 1024K, 2 young (2048K), 2 survivors (2048K)
 Metaspace       used 97360K, committed 98496K, reserved 557056K
  class space    used 13718K, committed 14272K, reserved 425984K
}
Event: 42.436 GC heap before
{Heap before GC invocations=71 (full 0):
 garbage-first heap   total 229376K, used 191721K [0x0000000080000000, 0x0000000100000000)
  region size 1024K, 39 young (39936K), 2 survivors (2048K)
 Metaspace       used 97854K, committed 98944K, reserved 557056K
  class space    used 13777K, committed 14336K, reserved 425984K
}
Event: 42.440 GC heap after
{Heap after GC invocations=72 (full 0):
 garbage-first heap   total 229376K, used 157728K [0x0000000080000000, 0x0000000100000000)
  region size 1024K, 4 young (4096K), 4 survivors (4096K)
 Metaspace       used 97854K, committed 98944K, reserved 557056K
  class space    used 13777K, committed 14336K, reserved 425984K
}
Event: 42.692 GC heap before
{Heap before GC invocations=72 (full 0):
 garbage-first heap   total 229376K, used 193568K [0x0000000080000000, 0x0000000100000000)
  region size 1024K, 40 young (40960K), 4 survivors (4096K)
 Metaspace       used 97975K, committed 99072K, reserved 557056K
  class space    used 13779K, committed 14336K, reserved 425984K
}
Event: 42.698 GC heap after
{Heap after GC invocations=73 (full 0):
 garbage-first heap   total 229376K, used 160859K [0x0000000080000000, 0x0000000100000000)
  region size 1024K, 4 young (4096K), 4 survivors (4096K)
 Metaspace       used 97975K, committed 99072K, reserved 557056K
  class space    used 13779K, committed 14336K, reserved 425984K
}
Event: 43.103 GC heap before
{Heap before GC invocations=73 (full 0):
 garbage-first heap   total 229376K, used 194651K [0x0000000080000000, 0x0000000100000000)
  region size 1024K, 38 young (38912K), 4 survivors (4096K)
 Metaspace       used 97985K, committed 99072K, reserved 557056K
  class space    used 13779K, committed 14336K, reserved 425984K
}
Event: 43.107 GC heap after
{Heap after GC invocations=74 (full 0):
 garbage-first heap   total 229376K, used 162933K [0x0000000080000000, 0x0000000100000000)
  region size 1024K, 3 young (3072K), 3 survivors (3072K)
 Metaspace       used 97985K, committed 99072K, reserved 557056K
  class space    used 13779K, committed 14336K, reserved 425984K
}

